<?xml version="1.0" encoding="UTF-8"?>
<testng-results ignored="0" total="1" passed="1" failed="0" skipped="0">
  <reporter-output>
  </reporter-output>
  <suite started-at="2023-12-01T02:52:49 GMT-08:00" name="Default suite" finished-at="2023-12-01T02:53:14 GMT-08:00" duration-ms="25379">
    <groups>
    </groups>
    <test started-at="2023-12-01T02:52:49 GMT-08:00" name="Default test" finished-at="2023-12-01T02:53:14 GMT-08:00" duration-ms="25379">
      <class name="qaiserhabib.appium.mobileBrowserTest">
        <test-method is-config="true" signature="configureAppium()[pri:0, instance:qaiserhabib.appium.mobileBrowserTest@82de64a]" started-at="2023-12-01T02:52:49 GMT-08:00" name="configureAppium" finished-at="2023-12-01T02:53:07 GMT-08:00" duration-ms="18226" status="PASS">
          <reporter-output>
          </reporter-output>
        </test-method> <!-- configureAppium -->
        <test-method signature="browserTest()[pri:0, instance:qaiserhabib.appium.mobileBrowserTest@82de64a]" started-at="2023-12-01T02:53:07 GMT-08:00" name="browserTest" finished-at="2023-12-01T02:53:13 GMT-08:00" duration-ms="6064" status="PASS">
          <reporter-output>
          </reporter-output>
        </test-method> <!-- browserTest -->
        <test-method is-config="true" signature="tearDown()[pri:0, instance:qaiserhabib.appium.mobileBrowserTest@82de64a]" started-at="2023-12-01T02:53:13 GMT-08:00" name="tearDown" finished-at="2023-12-01T02:53:14 GMT-08:00" duration-ms="1027" status="PASS">
          <reporter-output>
          </reporter-output>
        </test-method> <!-- tearDown -->
      </class> <!-- qaiserhabib.appium.mobileBrowserTest -->
    </test> <!-- Default test -->
  </suite> <!-- Default suite -->
</testng-results>
